<?xml version="1.0" encoding="iso8859-1"?>
<info version="2">
   <process_count>1</process_count>
   <max>12</max>
   <utilization>1</utilization>
   <get_wait_list_size>0</get_wait_list_size>
   <get_wait_list/>
   <supergroups>
      <supergroup>
         <name>/usr/share/foreman</name>
         <state>READY</state>
         <get_wait_list_size>0</get_wait_list_size>
         <utilization>1</utilization>
         <secret>nWjGOsNmJtaoE0Bu2GVlFDWgTE96ivVvJxQYzfzh3ag</secret>
         <group default="true">
            <name>/usr/share/foreman#default</name>
            <component_name>default</component_name>
            <app_root>/usr/share/foreman</app_root>
            <app_type>rack</app_type>
            <environment>production</environment>
            <enabled_process_count>1</enabled_process_count>
            <disabling_process_count>0</disabling_process_count>
            <disabled_process_count>0</disabled_process_count>
            <utilization>1</utilization>
            <get_wait_list_size>0</get_wait_list_size>
            <disable_wait_list_size>0</disable_wait_list_size>
            <secret>OdlZoV9wLKdCf95GffP0Fb7OEigvp37jFH3Ra9nyu6I</secret>
            <life_status>ALIVE</life_status>
            <options>
               <app_root>/usr/share/foreman</app_root>
               <app_group_name>/usr/share/foreman</app_group_name>
               <app_type>rack</app_type>
               <start_command>/usr/bin/tfm-ruby /usr/share/gems/gems/passenger-4.0.18/helper-scripts/rack-loader.rb</start_command>
               <startup_file>config.ru</startup_file>
               <process_title>Passenger RackApp</process_title>
               <log_level>0</log_level>
               <start_timeout>90000</start_timeout>
               <environment>production</environment>
               <base_uri>/</base_uri>
               <spawn_method>smart</spawn_method>
               <default_user>nobody</default_user>
               <default_group>nobody</default_group>
               <ruby>/usr/bin/tfm-ruby</ruby>
               <python>python</python>
               <logging_agent_address>unix:/var/run/rubygem-passenger/passenger.1.0.18201/generation-3/logging</logging_agent_address>
               <logging_agent_username>logging</logging_agent_username>
               <logging_agent_password>uloqOkPLmNOjOaCVGjkA00xEt3wQO3nVTatlecfvdV4vvMSPsWmZQTU3ZXQ5AnKy</logging_agent_password>
               <debugger>false</debugger>
               <analytics>false</analytics>
               <group_secret>OdlZoV9wLKdCf95GffP0Fb7OEigvp37jFH3Ra9nyu6I</group_secret>
               <min_processes>1</min_processes>
               <max_preloader_idle_time>0</max_preloader_idle_time>
               <max_out_of_band_work_instances>1</max_out_of_band_work_instances>
            </options>
            <processes>
               <process>
                  <pid>8282</pid>
                  <gupid>188e860-ITbtyx9hevn</gupid>
                  <connect_password>e4tC3ZRbLAKW3w4pkweWSHKV5LzMaBRCvXXiYdDFIId</connect_password>
                  <concurrency>1</concurrency>
                  <sessions>0</sessions>
                  <utilization>0</utilization>
                  <processed>244</processed>
                  <spawner_creation_time>1544949368634324</spawner_creation_time>
                  <spawn_start_time>1544976010341267</spawn_start_time>
                  <spawn_end_time>1544976011043327</spawn_end_time>
                  <last_used>1545029708837337</last_used>
                  <uptime>15h 10m 53s</uptime>
                  <life_status>ALIVE</life_status>
                  <enabled>ENABLED</enabled>
                  <has_metrics>true</has_metrics>
                  <cpu>0</cpu>
                  <rss>544940</rss>
                  <pss>498270</pss>
                  <private_dirty>454756</private_dirty>
                  <swap>0</swap>
                  <real_memory>454756</real_memory>
                  <vmsize>1517160</vmsize>
                  <process_group_id>18937</process_group_id>
                  <command>Passenger RackApp: /usr/share/foreman</command>
                  <sockets>
                     <socket>
                        <name>main</name>
                        <address>unix:/var/run/rubygem-passenger/passenger.1.0.18201/generation-3/backends/ruby.GdruTupZefCX5FmLkqvRwKsf</address>
                        <protocol>session</protocol>
                        <concurrency>1</concurrency>
                        <sessions>0</sessions>
                     </socket>
                     <socket>
                        <name>http</name>
                        <address>tcp://127.0.0.1:36856</address>
                        <protocol>http</protocol>
                        <concurrency>1</concurrency>
                        <sessions>0</sessions>
                     </socket>
                  </sockets>
               </process>
            </processes>
         </group>
      </supergroup>
   </supergroups>
</info>

